<?xml version="1.0" encoding="UTF-8"?>
<!-- Generated by org.testng.reporters.JUnitReportReporter -->
<testsuite hostname="DESKTOP-DR9DKED" name="com.DataDriven_POM.TestScripts.HomePage" tests="1" failures="0" timestamp="3 Dec 2020 07:33:23 GMT" time="38.043" errors="0">
  <testcase name="lunchurl" time="38.043" classname="com.DataDriven_POM.TestScripts.HomePage"/>
</testsuite> <!-- com.DataDriven_POM.TestScripts.HomePage -->
