<?xml version="1.0" encoding="UTF-8"?>
<!-- Generated by org.testng.reporters.JUnitReportReporter -->
<testsuite hostname="DESKTOP-DR9DKED" name="com.DataDriven_POM.TestScripts.Registration" tests="1" failures="0" timestamp="4 Dec 2020 08:47:20 GMT" time="28.839" errors="0">
  <testcase name="registration" time="28.839" classname="com.DataDriven_POM.TestScripts.Registration"/>
</testsuite> <!-- com.DataDriven_POM.TestScripts.Registration -->
