<?xml version="1.0" encoding="UTF-8"?>
<!-- Generated by org.testng.reporters.JUnitReportReporter -->
<testsuite hostname="DESKTOP-DR9DKED" name="com.DataDriven_POM.TestScripts.Contacts" tests="1" failures="0" timestamp="4 Dec 2020 10:01:29 GMT" time="81.893" errors="0">
  <testcase name="contact" time="81.893" classname="com.DataDriven_POM.TestScripts.Contacts"/>
</testsuite> <!-- com.DataDriven_POM.TestScripts.Contacts -->
